<?xml version="1.0" encoding="UTF-8"?>
<testng-results skipped="0" failed="0" ignored="0" total="1" passed="1">
  <reporter-output>
  </reporter-output>
  <suite name="Default suite" duration-ms="17142" started-at="2019-07-14T06:53:28Z" finished-at="2019-07-14T06:53:45Z">
    <groups>
    </groups>
    <test name="Default test" duration-ms="17142" started-at="2019-07-14T06:53:28Z" finished-at="2019-07-14T06:53:45Z">
      <class name="com.jenkins.qa.test.TestScript">
        <test-method status="PASS" signature="setUp()[pri:0, instance:com.jenkins.qa.test.TestScript@28d25987]" name="setUp" is-config="true" duration-ms="11151" started-at="2019-07-14T06:53:28Z" finished-at="2019-07-14T06:53:39Z">
          <reporter-output>
          </reporter-output>
        </test-method> <!-- setUp -->
        <test-method status="PASS" signature="login()[pri:0, instance:com.jenkins.qa.test.TestScript@28d25987]" name="login" duration-ms="5971" started-at="2019-07-14T06:53:39Z" finished-at="2019-07-14T06:53:45Z">
          <reporter-output>
          </reporter-output>
        </test-method> <!-- login -->
        <test-method status="PASS" signature="tearDown(org.testng.ITestResult)[pri:0, instance:com.jenkins.qa.test.TestScript@28d25987]" name="tearDown" is-config="true" duration-ms="2" started-at="2019-07-14T06:53:45Z" finished-at="2019-07-14T06:53:45Z">
          <params>
            <param index="0">
              <value>
                <![CDATA[[TestResult name=login status=SUCCESS method=TestScript.login()[pri:0, instance:com.jenkins.qa.test.TestScript@28d25987] output={null}]]]>
              </value>
            </param>
          </params>
          <reporter-output>
          </reporter-output>
        </test-method> <!-- tearDown -->
      </class> <!-- com.jenkins.qa.test.TestScript -->
    </test> <!-- Default test -->
  </suite> <!-- Default suite -->
</testng-results>
